{
  "fetched": 6,
  "inserted": 0,
  "skipped": 6,
  "errors": 0,
  "inserted_items": [],
  "skipped_items": [
    {
      "type": "book",
      "title": "射精責任",
      "library": "葛飾区立中央図書館",
      "borrowed_date": "2026-03-06",
      "due_date": "2026-03-20",
      "author": "Blair,Gabrielle／ブレア,ガブリエル 村井 理子／ムライ,リコ"
    },
    {
      "type": "book",
      "title": "自転車と女たちの世紀－革命は車輪に乗って－(ele‐king books)",
      "library": "葛飾区立中央図書館",
      "borrowed_date": "2026-03-06",
      "due_date": "2026-03-20",
      "author": "Ross,Hannah／ロス,ハナ 坂本 麻里子／サカモト,マリコ"
    },
    {
      "type": "cd",
      "title": "シルヴァー・ライニング・スイート",
      "library": "葛飾区立中央図書館",
      "borrowed_date": "2026-03-06",
      "due_date": "2026-03-20",
      "artist": "上原ひろみ ザ・ピアノ・クインテット"
    },
    {
      "type": "cd",
      "title": "中島みゆき「縁会」2012～3 -LIVE SELECTION-",
      "library": "葛飾区立中央図書館",
      "borrowed_date": "2026-03-06",
      "due_date": "2026-03-20",
      "artist": "中島みゆき"
    },
    {
      "type": "cd",
      "title": "You & Me～あの日にかえりたい 荒井由美トリビュート作品集",
      "library": "葛飾区立中央図書館",
      "borrowed_date": "2026-03-06",
      "due_date": "2026-03-20",
      "artist": "オムニバス"
    },
    {
      "type": "cd",
      "title": "ライヴ・イン・ジャパン",
      "library": "葛飾区立中央図書館",
      "borrowed_date": "2026-03-06",
      "due_date": "2026-03-20",
      "artist": "シカゴ"
    }
  ],
  "error_items": [],
  "event": {
    "changed": false,
    "newly_borrowed": [],
    "returned": [],
    "snapshot_digest": "d1fb9ef92e5257cef80db86c595fd566abab80a793702adba50f03abc3858161",
    "fetched": 6,
    "inserted": 0,
    "skipped": 6,
    "errors": 0,
    "message": "[kashidashi] 変更なし\n取得: 6 / 新規登録: 0 / 既存スキップ: 6 / エラー: 0"
  }
}
done: /home/kouki/dev/kashidashi-app/logs/sync_katsushika_2026-03-08_19-30-01.json
